The system is: Linux - 4.13.0-36-generic - x86_64
Compiling the C compiler identification source file "CMakeCCompilerId.c" succeeded.
Compiler: /usr/bin/cc 
Build flags: 
Id flags: 

The output was:
0


Compilation of the C compiler identification source "CMakeCCompilerId.c" produced "a.out"

The C compiler identification is GNU, found in "/home/raul/Computer graphics/rhf_150115_cmake/demoCpp/CMakeFiles/3.5.1/CompilerIdC/a.out"

Compiling the CXX compiler identification source file "CMakeCXXCompilerId.cpp" succeeded.
Compiler: /usr/bin/c++ 
Build flags: 
Id flags: 

The output was:
0


Compilation of the CXX compiler identification source "CMakeCXXCompilerId.cpp" produced "a.out"

The CXX compiler identification is GNU, found in "/home/raul/Computer graphics/rhf_150115_cmake/demoCpp/CMakeFiles/3.5.1/CompilerIdCXX/a.out"

Determining if the C compiler works passed with the following output:
Change Dir: /home/raul/Computer graphics/rhf_150115_cmake/demoCpp/CMakeFiles/CMakeTmp

Run Build Command:"/usr/bin/make" "cmTC_6f60a/fast"
/usr/bin/make -f CMakeFiles/cmTC_6f60a.dir/build.make CMakeFiles/cmTC_6f60a.dir/build
make[1]: Entering directory '/home/raul/Computer graphics/rhf_150115_cmake/demoCpp/CMakeFiles/CMakeTmp'
Building C object CMakeFiles/cmTC_6f60a.dir/testCCompiler.c.o
/usr/bin/cc     -o CMakeFiles/cmTC_6f60a.dir/testCCompiler.c.o   -c "/home/raul/Computer graphics/rhf_150115_cmake/demoCpp/CMakeFiles/CMakeTmp/testCCompiler.c"
Linking C executable cmTC_6f60a
/usr/bin/cmake -E cmake_link_script CMakeFiles/cmTC_6f60a.dir/link.txt --verbose=1
/usr/bin/cc       CMakeFiles/cmTC_6f60a.dir/testCCompiler.c.o  -o cmTC_6f60a -rdynamic 
make[1]: Leaving directory '/home/raul/Computer graphics/rhf_150115_cmake/demoCpp/CMakeFiles/CMakeTmp'


Detecting C compiler ABI info compiled with the following output:
Change Dir: /home/raul/Computer graphics/rhf_150115_cmake/demoCpp/CMakeFiles/CMakeTmp

Run Build Command:"/usr/bin/make" "cmTC_1b207/fast"
/usr/bin/make -f CMakeFiles/cmTC_1b207.dir/build.make CMakeFiles/cmTC_1b207.dir/build
make[1]: Entering directory '/home/raul/Computer graphics/rhf_150115_cmake/demoCpp/CMakeFiles/CMakeTmp'
Building C object CMakeFiles/cmTC_1b207.dir/CMakeCCompilerABI.c.o
/usr/bin/cc     -o CMakeFiles/cmTC_1b207.dir/CMakeCCompilerABI.c.o   -c /usr/share/cmake-3.5/Modules/CMakeCCompilerABI.c
Linking C executable cmTC_1b207
/usr/bin/cmake -E cmake_link_script CMakeFiles/cmTC_1b207.dir/link.txt --verbose=1
/usr/bin/cc      -v CMakeFiles/cmTC_1b207.dir/CMakeCCompilerABI.c.o  -o cmTC_1b207 -rdynamic  
Using built-in specs.
COLLECT_GCC=/usr/bin/cc
COLLECT_LTO_WRAPPER=/usr/lib/gcc/x86_64-linux-gnu/5/lto-wrapper
Target: x86_64-linux-gnu
Configured with: ../src/configure -v --with-pkgversion='Ubuntu 5.4.0-6ubuntu1~16.04.9' --with-bugurl=file:///usr/share/doc/gcc-5/README.Bugs --enable-languages=c,ada,c++,java,go,d,fortran,objc,obj-c++ --prefix=/usr --program-suffix=-5 --enable-shared --enable-linker-build-id --libexecdir=/usr/lib --without-included-gettext --enable-threads=posix --libdir=/usr/lib --enable-nls --with-sysroot=/ --enable-clocale=gnu --enable-libstdcxx-debug --enable-libstdcxx-time=yes --with-default-libstdcxx-abi=new --enable-gnu-unique-object --disable-vtable-verify --enable-libmpx --enable-plugin --with-system-zlib --disable-browser-plugin --enable-java-awt=gtk --enable-gtk-cairo --with-java-home=/usr/lib/jvm/java-1.5.0-gcj-5-amd64/jre --enable-java-home --with-jvm-root-dir=/usr/lib/jvm/java-1.5.0-gcj-5-amd64 --with-jvm-jar-dir=/usr/lib/jvm-exports/java-1.5.0-gcj-5-amd64 --with-arch-directory=amd64 --with-ecj-jar=/usr/share/java/eclipse-ecj.jar --enable-objc-gc --enable-multiarch --disable-werror --with-arch-32=i686 --with-abi=m64 --with-multilib-list=m32,m64,mx32 --enable-multilib --with-tune=generic --enable-checking=release --build=x86_64-linux-gnu --host=x86_64-linux-gnu --target=x86_64-linux-gnu
Thread model: posix
gcc version 5.4.0 20160609 (Ubuntu 5.4.0-6ubuntu1~16.04.9) 
COMPILER_PATH=/usr/lib/gcc/x86_64-linux-gnu/5/:/usr/lib/gcc/x86_64-linux-gnu/5/:/usr/lib/gcc/x86_64-linux-gnu/:/usr/lib/gcc/x86_64-linux-gnu/5/:/usr/lib/gcc/x86_64-linux-gnu/
LIBRARY_PATH=/usr/lib/gcc/x86_64-linux-gnu/5/:/usr/lib/gcc/x86_64-linux-gnu/5/../../../x86_64-linux-gnu/:/usr/lib/gcc/x86_64-linux-gnu/5/../../../../lib/:/lib/x86_64-linux-gnu/:/lib/../lib/:/usr/lib/x86_64-linux-gnu/:/usr/lib/../lib/:/usr/lib/gcc/x86_64-linux-gnu/5/../../../:/lib/:/usr/lib/
COLLECT_GCC_OPTIONS='-v' '-o' 'cmTC_1b207' '-rdynamic' '-mtune=generic' '-march=x86-64'
 /usr/lib/gcc/x86_64-linux-gnu/5/collect2 -plugin /usr/lib/gcc/x86_64-linux-gnu/5/liblto_plugin.so -plugin-opt=/usr/lib/gcc/x86_64-linux-gnu/5/lto-wrapper -plugin-opt=-fresolution=/tmp/cca1yyYx.res -plugin-opt=-pass-through=-lgcc -plugin-opt=-pass-through=-lgcc_s -plugin-opt=-pass-through=-lc -plugin-opt=-pass-through=-lgcc -plugin-opt=-pass-through=-lgcc_s --sysroot=/ --build-id --eh-frame-hdr -m elf_x86_64 --hash-style=gnu --as-needed -export-dynamic -dynamic-linker /lib64/ld-linux-x86-64.so.2 -z relro -o cmTC_1b207 /usr/lib/gcc/x86_64-linux-gnu/5/../../../x86_64-linux-gnu/crt1.o /usr/lib/gcc/x86_64-linux-gnu/5/../../../x86_64-linux-gnu/crti.o /usr/lib/gcc/x86_64-linux-gnu/5/crtbegin.o -L/usr/lib/gcc/x86_64-linux-gnu/5 -L/usr/lib/gcc/x86_64-linux-gnu/5/../../../x86_64-linux-gnu -L/usr/lib/gcc/x86_64-linux-gnu/5/../../../../lib -L/lib/x86_64-linux-gnu -L/lib/../lib -L/usr/lib/x86_64-linux-gnu -L/usr/lib/../lib -L/usr/lib/gcc/x86_64-linux-gnu/5/../../.. CMakeFiles/cmTC_1b207.dir/CMakeCCompilerABI.c.o -lgcc --as-needed -lgcc_s --no-as-needed -lc -lgcc --as-needed -lgcc_s --no-as-needed /usr/lib/gcc/x86_64-linux-gnu/5/crtend.o /usr/lib/gcc/x86_64-linux-gnu/5/../../../x86_64-linux-gnu/crtn.o
make[1]: Leaving directory '/home/raul/Computer graphics/rhf_150115_cmake/demoCpp/CMakeFiles/CMakeTmp'


Parsed C implicit link information from above output:
  link line regex: [^( *|.*[/\])(ld|([^/\]+-)?ld|collect2)[^/\]*( |$)]
  ignore line: [Change Dir: /home/raul/Computer graphics/rhf_150115_cmake/demoCpp/CMakeFiles/CMakeTmp]
  ignore line: []
  ignore line: [Run Build Command:"/usr/bin/make" "cmTC_1b207/fast"]
  ignore line: [/usr/bin/make -f CMakeFiles/cmTC_1b207.dir/build.make CMakeFiles/cmTC_1b207.dir/build]
  ignore line: [make[1]: Entering directory '/home/raul/Computer graphics/rhf_150115_cmake/demoCpp/CMakeFiles/CMakeTmp']
  ignore line: [Building C object CMakeFiles/cmTC_1b207.dir/CMakeCCompilerABI.c.o]
  ignore line: [/usr/bin/cc     -o CMakeFiles/cmTC_1b207.dir/CMakeCCompilerABI.c.o   -c /usr/share/cmake-3.5/Modules/CMakeCCompilerABI.c]
  ignore line: [Linking C executable cmTC_1b207]
  ignore line: [/usr/bin/cmake -E cmake_link_script CMakeFiles/cmTC_1b207.dir/link.txt --verbose=1]
  ignore line: [/usr/bin/cc      -v CMakeFiles/cmTC_1b207.dir/CMakeCCompilerABI.c.o  -o cmTC_1b207 -rdynamic  ]
  ignore line: [Using built-in specs.]
  ignore line: [COLLECT_GCC=/usr/bin/cc]
  ignore line: [COLLECT_LTO_WRAPPER=/usr/lib/gcc/x86_64-linux-gnu/5/lto-wrapper]
  ignore line: [Target: x86_64-linux-gnu]
  ignore line: [Configured with: ../src/configure -v --with-pkgversion='Ubuntu 5.4.0-6ubuntu1~16.04.9' --with-bugurl=file:///usr/share/doc/gcc-5/README.Bugs --enable-languages=c,ada,c++,java,go,d,fortran,objc,obj-c++ --prefix=/usr --program-suffix=-5 --enable-shared --enable-linker-build-id --libexecdir=/usr/lib --without-included-gettext --enable-threads=posix --libdir=/usr/lib --enable-nls --with-sysroot=/ --enable-clocale=gnu --enable-libstdcxx-debug --enable-libstdcxx-time=yes --with-default-libstdcxx-abi=new --enable-gnu-unique-object --disable-vtable-verify --enable-libmpx --enable-plugin --with-system-zlib --disable-browser-plugin --enable-java-awt=gtk --enable-gtk-cairo --with-java-home=/usr/lib/jvm/java-1.5.0-gcj-5-amd64/jre --enable-java-home --with-jvm-root-dir=/usr/lib/jvm/java-1.5.0-gcj-5-amd64 --with-jvm-jar-dir=/usr/lib/jvm-exports/java-1.5.0-gcj-5-amd64 --with-arch-directory=amd64 --with-ecj-jar=/usr/share/java/eclipse-ecj.jar --enable-objc-gc --enable-multiarch --disable-werror --with-arch-32=i686 --with-abi=m64 --with-multilib-list=m32,m64,mx32 --enable-multilib --with-tune=generic --enable-checking=release --build=x86_64-linux-gnu --host=x86_64-linux-gnu --target=x86_64-linux-gnu]
  ignore line: [Thread model: posix]
  ignore line: [gcc version 5.4.0 20160609 (Ubuntu 5.4.0-6ubuntu1~16.04.9) ]
  ignore line: [COMPILER_PATH=/usr/lib/gcc/x86_64-linux-gnu/5/:/usr/lib/gcc/x86_64-linux-gnu/5/:/usr/lib/gcc/x86_64-linux-gnu/:/usr/lib/gcc/x86_64-linux-gnu/5/:/usr/lib/gcc/x86_64-linux-gnu/]
  ignore line: [LIBRARY_PATH=/usr/lib/gcc/x86_64-linux-gnu/5/:/usr/lib/gcc/x86_64-linux-gnu/5/../../../x86_64-linux-gnu/:/usr/lib/gcc/x86_64-linux-gnu/5/../../../../lib/:/lib/x86_64-linux-gnu/:/lib/../lib/:/usr/lib/x86_64-linux-gnu/:/usr/lib/../lib/:/usr/lib/gcc/x86_64-linux-gnu/5/../../../:/lib/:/usr/lib/]
  ignore line: [COLLECT_GCC_OPTIONS='-v' '-o' 'cmTC_1b207' '-rdynamic' '-mtune=generic' '-march=x86-64']
  link line: [ /usr/lib/gcc/x86_64-linux-gnu/5/collect2 -plugin /usr/lib/gcc/x86_64-linux-gnu/5/liblto_plugin.so -plugin-opt=/usr/lib/gcc/x86_64-linux-gnu/5/lto-wrapper -plugin-opt=-fresolution=/tmp/cca1yyYx.res -plugin-opt=-pass-through=-lgcc -plugin-opt=-pass-through=-lgcc_s -plugin-opt=-pass-through=-lc -plugin-opt=-pass-through=-lgcc -plugin-opt=-pass-through=-lgcc_s --sysroot=/ --build-id --eh-frame-hdr -m elf_x86_64 --hash-style=gnu --as-needed -export-dynamic -dynamic-linker /lib64/ld-linux-x86-64.so.2 -z relro -o cmTC_1b207 /usr/lib/gcc/x86_64-linux-gnu/5/../../../x86_64-linux-gnu/crt1.o /usr/lib/gcc/x86_64-linux-gnu/5/../../../x86_64-linux-gnu/crti.o /usr/lib/gcc/x86_64-linux-gnu/5/crtbegin.o -L/usr/lib/gcc/x86_64-linux-gnu/5 -L/usr/lib/gcc/x86_64-linux-gnu/5/../../../x86_64-linux-gnu -L/usr/lib/gcc/x86_64-linux-gnu/5/../../../../lib -L/lib/x86_64-linux-gnu -L/lib/../lib -L/usr/lib/x86_64-linux-gnu -L/usr/lib/../lib -L/usr/lib/gcc/x86_64-linux-gnu/5/../../.. CMakeFiles/cmTC_1b207.dir/CMakeCCompilerABI.c.o -lgcc --as-needed -lgcc_s --no-as-needed -lc -lgcc --as-needed -lgcc_s --no-as-needed /usr/lib/gcc/x86_64-linux-gnu/5/crtend.o /usr/lib/gcc/x86_64-linux-gnu/5/../../../x86_64-linux-gnu/crtn.o]
    arg [/usr/lib/gcc/x86_64-linux-gnu/5/collect2] ==> ignore
    arg [-plugin] ==> ignore
    arg [/usr/lib/gcc/x86_64-linux-gnu/5/liblto_plugin.so] ==> ignore
    arg [-plugin-opt=/usr/lib/gcc/x86_64-linux-gnu/5/lto-wrapper] ==> ignore
    arg [-plugin-opt=-fresolution=/tmp/cca1yyYx.res] ==> ignore
    arg [-plugin-opt=-pass-through=-lgcc] ==> ignore
    arg [-plugin-opt=-pass-through=-lgcc_s] ==> ignore
    arg [-plugin-opt=-pass-through=-lc] ==> ignore
    arg [-plugin-opt=-pass-through=-lgcc] ==> ignore
    arg [-plugin-opt=-pass-through=-lgcc_s] ==> ignore
    arg [--sysroot=/] ==> ignore
    arg [--build-id] ==> ignore
    arg [--eh-frame-hdr] ==> ignore
    arg [-m] ==> ignore
    arg [elf_x86_64] ==> ignore
    arg [--hash-style=gnu] ==> ignore
    arg [--as-needed] ==> ignore
    arg [-export-dynamic] ==> ignore
    arg [-dynamic-linker] ==> ignore
    arg [/lib64/ld-linux-x86-64.so.2] ==> ignore
    arg [-zrelro] ==> ignore
    arg [-o] ==> ignore
    arg [cmTC_1b207] ==> ignore
    arg [/usr/lib/gcc/x86_64-linux-gnu/5/../../../x86_64-linux-gnu/crt1.o] ==> ignore
    arg [/usr/lib/gcc/x86_64-linux-gnu/5/../../../x86_64-linux-gnu/crti.o] ==> ignore
    arg [/usr/lib/gcc/x86_64-linux-gnu/5/crtbegin.o] ==> ignore
    arg [-L/usr/lib/gcc/x86_64-linux-gnu/5] ==> dir [/usr/lib/gcc/x86_64-linux-gnu/5]
    arg [-L/usr/lib/gcc/x86_64-linux-gnu/5/../../../x86_64-linux-gnu] ==> dir [/usr/lib/gcc/x86_64-linux-gnu/5/../../../x86_64-linux-gnu]
    arg [-L/usr/lib/gcc/x86_64-linux-gnu/5/../../../../lib] ==> dir [/usr/lib/gcc/x86_64-linux-gnu/5/../../../../lib]
    arg [-L/lib/x86_64-linux-gnu] ==> dir [/lib/x86_64-linux-gnu]
    arg [-L/lib/../lib] ==> dir [/lib/../lib]
    arg [-L/usr/lib/x86_64-linux-gnu] ==> dir [/usr/lib/x86_64-linux-gnu]
    arg [-L/usr/lib/../lib] ==> dir [/usr/lib/../lib]
    arg [-L/usr/lib/gcc/x86_64-linux-gnu/5/../../..] ==> dir [/usr/lib/gcc/x86_64-linux-gnu/5/../../..]
    arg [CMakeFiles/cmTC_1b207.dir/CMakeCCompilerABI.c.o] ==> ignore
    arg [-lgcc] ==> lib [gcc]
    arg [--as-needed] ==> ignore
    arg [-lgcc_s] ==> lib [gcc_s]
    arg [--no-as-needed] ==> ignore
    arg [-lc] ==> lib [c]
    arg [-lgcc] ==> lib [gcc]
    arg [--as-needed] ==> ignore
    arg [-lgcc_s] ==> lib [gcc_s]
    arg [--no-as-needed] ==> ignore
    arg [/usr/lib/gcc/x86_64-linux-gnu/5/crtend.o] ==> ignore
    arg [/usr/lib/gcc/x86_64-linux-gnu/5/../../../x86_64-linux-gnu/crtn.o] ==> ignore
  remove lib [gcc]
  remove lib [gcc_s]
  remove lib [gcc]
  remove lib [gcc_s]
  collapse library dir [/usr/lib/gcc/x86_64-linux-gnu/5] ==> [/usr/lib/gcc/x86_64-linux-gnu/5]
  collapse library dir [/usr/lib/gcc/x86_64-linux-gnu/5/../../../x86_64-linux-gnu] ==> [/usr/lib/x86_64-linux-gnu]
  collapse library dir [/usr/lib/gcc/x86_64-linux-gnu/5/../../../../lib] ==> [/usr/lib]
  collapse library dir [/lib/x86_64-linux-gnu] ==> [/lib/x86_64-linux-gnu]
  collapse library dir [/lib/../lib] ==> [/lib]
  collapse library dir [/usr/lib/x86_64-linux-gnu] ==> [/usr/lib/x86_64-linux-gnu]
  collapse library dir [/usr/lib/../lib] ==> [/usr/lib]
  collapse library dir [/usr/lib/gcc/x86_64-linux-gnu/5/../../..] ==> [/usr/lib]
  implicit libs: [c]
  implicit dirs: [/usr/lib/gcc/x86_64-linux-gnu/5;/usr/lib/x86_64-linux-gnu;/usr/lib;/lib/x86_64-linux-gnu;/lib]
  implicit fwks: []




Detecting C [-std=c11] compiler features compiled with the following output:
Change Dir: /home/raul/Computer graphics/rhf_150115_cmake/demoCpp/CMakeFiles/CMakeTmp

Run Build Command:"/usr/bin/make" "cmTC_794ce/fast"
/usr/bin/make -f CMakeFiles/cmTC_794ce.dir/build.make CMakeFiles/cmTC_794ce.dir/build
make[1]: Entering directory '/home/raul/Computer graphics/rhf_150115_cmake/demoCpp/CMakeFiles/CMakeTmp'
Building C object CMakeFiles/cmTC_794ce.dir/feature_tests.c.o
/usr/bin/cc    -std=c11 -o CMakeFiles/cmTC_794ce.dir/feature_tests.c.o   -c "/home/raul/Computer graphics/rhf_150115_cmake/demoCpp/CMakeFiles/feature_tests.c"
Linking C executable cmTC_794ce
/usr/bin/cmake -E cmake_link_script CMakeFiles/cmTC_794ce.dir/link.txt --verbose=1
/usr/bin/cc       CMakeFiles/cmTC_794ce.dir/feature_tests.c.o  -o cmTC_794ce -rdynamic 
make[1]: Leaving directory '/home/raul/Computer graphics/rhf_150115_cmake/demoCpp/CMakeFiles/CMakeTmp'


    Feature record: C_FEATURE:1c_function_prototypes
    Feature record: C_FEATURE:1c_restrict
    Feature record: C_FEATURE:1c_static_assert
    Feature record: C_FEATURE:1c_variadic_macros


Detecting C [-std=c99] compiler features compiled with the following output:
Change Dir: /home/raul/Computer graphics/rhf_150115_cmake/demoCpp/CMakeFiles/CMakeTmp

Run Build Command:"/usr/bin/make" "cmTC_50216/fast"
/usr/bin/make -f CMakeFiles/cmTC_50216.dir/build.make CMakeFiles/cmTC_50216.dir/build
make[1]: Entering directory '/home/raul/Computer graphics/rhf_150115_cmake/demoCpp/CMakeFiles/CMakeTmp'
Building C object CMakeFiles/cmTC_50216.dir/feature_tests.c.o
/usr/bin/cc    -std=c99 -o CMakeFiles/cmTC_50216.dir/feature_tests.c.o   -c "/home/raul/Computer graphics/rhf_150115_cmake/demoCpp/CMakeFiles/feature_tests.c"
Linking C executable cmTC_50216
/usr/bin/cmake -E cmake_link_script CMakeFiles/cmTC_50216.dir/link.txt --verbose=1
/usr/bin/cc       CMakeFiles/cmTC_50216.dir/feature_tests.c.o  -o cmTC_50216 -rdynamic 
make[1]: Leaving directory '/home/raul/Computer graphics/rhf_150115_cmake/demoCpp/CMakeFiles/CMakeTmp'


    Feature record: C_FEATURE:1c_function_prototypes
    Feature record: C_FEATURE:1c_restrict
    Feature record: C_FEATURE:0c_static_assert
    Feature record: C_FEATURE:1c_variadic_macros


Detecting C [-std=c90] compiler features compiled with the following output:
Change Dir: /home/raul/Computer graphics/rhf_150115_cmake/demoCpp/CMakeFiles/CMakeTmp

Run Build Command:"/usr/bin/make" "cmTC_5c362/fast"
/usr/bin/make -f CMakeFiles/cmTC_5c362.dir/build.make CMakeFiles/cmTC_5c362.dir/build
make[1]: Entering directory '/home/raul/Computer graphics/rhf_150115_cmake/demoCpp/CMakeFiles/CMakeTmp'
Building C object CMakeFiles/cmTC_5c362.dir/feature_tests.c.o
/usr/bin/cc    -std=c90 -o CMakeFiles/cmTC_5c362.dir/feature_tests.c.o   -c "/home/raul/Computer graphics/rhf_150115_cmake/demoCpp/CMakeFiles/feature_tests.c"
Linking C executable cmTC_5c362
/usr/bin/cmake -E cmake_link_script CMakeFiles/cmTC_5c362.dir/link.txt --verbose=1
/usr/bin/cc       CMakeFiles/cmTC_5c362.dir/feature_tests.c.o  -o cmTC_5c362 -rdynamic 
make[1]: Leaving directory '/home/raul/Computer graphics/rhf_150115_cmake/demoCpp/CMakeFiles/CMakeTmp'


    Feature record: C_FEATURE:1c_function_prototypes
    Feature record: C_FEATURE:0c_restrict
    Feature record: C_FEATURE:0c_static_assert
    Feature record: C_FEATURE:0c_variadic_macros
Determining if the CXX compiler works passed with the following output:
Change Dir: /home/raul/Computer graphics/rhf_150115_cmake/demoCpp/CMakeFiles/CMakeTmp

Run Build Command:"/usr/bin/make" "cmTC_216f1/fast"
/usr/bin/make -f CMakeFiles/cmTC_216f1.dir/build.make CMakeFiles/cmTC_216f1.dir/build
make[1]: Entering directory '/home/raul/Computer graphics/rhf_150115_cmake/demoCpp/CMakeFiles/CMakeTmp'
Building CXX object CMakeFiles/cmTC_216f1.dir/testCXXCompiler.cxx.o
/usr/bin/c++      -o CMakeFiles/cmTC_216f1.dir/testCXXCompiler.cxx.o -c "/home/raul/Computer graphics/rhf_150115_cmake/demoCpp/CMakeFiles/CMakeTmp/testCXXCompiler.cxx"
Linking CXX executable cmTC_216f1
/usr/bin/cmake -E cmake_link_script CMakeFiles/cmTC_216f1.dir/link.txt --verbose=1
/usr/bin/c++        CMakeFiles/cmTC_216f1.dir/testCXXCompiler.cxx.o  -o cmTC_216f1 -rdynamic 
make[1]: Leaving directory '/home/raul/Computer graphics/rhf_150115_cmake/demoCpp/CMakeFiles/CMakeTmp'


Detecting CXX compiler ABI info compiled with the following output:
Change Dir: /home/raul/Computer graphics/rhf_150115_cmake/demoCpp/CMakeFiles/CMakeTmp

Run Build Command:"/usr/bin/make" "cmTC_94681/fast"
/usr/bin/make -f CMakeFiles/cmTC_94681.dir/build.make CMakeFiles/cmTC_94681.dir/build
make[1]: Entering directory '/home/raul/Computer graphics/rhf_150115_cmake/demoCpp/CMakeFiles/CMakeTmp'
Building CXX object CMakeFiles/cmTC_94681.dir/CMakeCXXCompilerABI.cpp.o
/usr/bin/c++      -o CMakeFiles/cmTC_94681.dir/CMakeCXXCompilerABI.cpp.o -c /usr/share/cmake-3.5/Modules/CMakeCXXCompilerABI.cpp
Linking CXX executable cmTC_94681
/usr/bin/cmake -E cmake_link_script CMakeFiles/cmTC_94681.dir/link.txt --verbose=1
/usr/bin/c++       -v CMakeFiles/cmTC_94681.dir/CMakeCXXCompilerABI.cpp.o  -o cmTC_94681 -rdynamic  
Using built-in specs.
COLLECT_GCC=/usr/bin/c++
COLLECT_LTO_WRAPPER=/usr/lib/gcc/x86_64-linux-gnu/5/lto-wrapper
Target: x86_64-linux-gnu
Configured with: ../src/configure -v --with-pkgversion='Ubuntu 5.4.0-6ubuntu1~16.04.9' --with-bugurl=file:///usr/share/doc/gcc-5/README.Bugs --enable-languages=c,ada,c++,java,go,d,fortran,objc,obj-c++ --prefix=/usr --program-suffix=-5 --enable-shared --enable-linker-build-id --libexecdir=/usr/lib --without-included-gettext --enable-threads=posix --libdir=/usr/lib --enable-nls --with-sysroot=/ --enable-clocale=gnu --enable-libstdcxx-debug --enable-libstdcxx-time=yes --with-default-libstdcxx-abi=new --enable-gnu-unique-object --disable-vtable-verify --enable-libmpx --enable-plugin --with-system-zlib --disable-browser-plugin --enable-java-awt=gtk --enable-gtk-cairo --with-java-home=/usr/lib/jvm/java-1.5.0-gcj-5-amd64/jre --enable-java-home --with-jvm-root-dir=/usr/lib/jvm/java-1.5.0-gcj-5-amd64 --with-jvm-jar-dir=/usr/lib/jvm-exports/java-1.5.0-gcj-5-amd64 --with-arch-directory=amd64 --with-ecj-jar=/usr/share/java/eclipse-ecj.jar --enable-objc-gc --enable-multiarch --disable-werror --with-arch-32=i686 --with-abi=m64 --with-multilib-list=m32,m64,mx32 --enable-multilib --with-tune=generic --enable-checking=release --build=x86_64-linux-gnu --host=x86_64-linux-gnu --target=x86_64-linux-gnu
Thread model: posix
gcc version 5.4.0 20160609 (Ubuntu 5.4.0-6ubuntu1~16.04.9) 
COMPILER_PATH=/usr/lib/gcc/x86_64-linux-gnu/5/:/usr/lib/gcc/x86_64-linux-gnu/5/:/usr/lib/gcc/x86_64-linux-gnu/:/usr/lib/gcc/x86_64-linux-gnu/5/:/usr/lib/gcc/x86_64-linux-gnu/
LIBRARY_PATH=/usr/lib/gcc/x86_64-linux-gnu/5/:/usr/lib/gcc/x86_64-linux-gnu/5/../../../x86_64-linux-gnu/:/usr/lib/gcc/x86_64-linux-gnu/5/../../../../lib/:/lib/x86_64-linux-gnu/:/lib/../lib/:/usr/lib/x86_64-linux-gnu/:/usr/lib/../lib/:/usr/lib/gcc/x86_64-linux-gnu/5/../../../:/lib/:/usr/lib/
COLLECT_GCC_OPTIONS='-v' '-o' 'cmTC_94681' '-rdynamic' '-shared-libgcc' '-mtune=generic' '-march=x86-64'
 /usr/lib/gcc/x86_64-linux-gnu/5/collect2 -plugin /usr/lib/gcc/x86_64-linux-gnu/5/liblto_plugin.so -plugin-opt=/usr/lib/gcc/x86_64-linux-gnu/5/lto-wrapper -plugin-opt=-fresolution=/tmp/ccRERMIZ.res -plugin-opt=-pass-through=-lgcc_s -plugin-opt=-pass-through=-lgcc -plugin-opt=-pass-through=-lc -plugin-opt=-pass-through=-lgcc_s -plugin-opt=-pass-through=-lgcc --sysroot=/ --build-id --eh-frame-hdr -m elf_x86_64 --hash-style=gnu --as-needed -export-dynamic -dynamic-linker /lib64/ld-linux-x86-64.so.2 -z relro -o cmTC_94681 /usr/lib/gcc/x86_64-linux-gnu/5/../../../x86_64-linux-gnu/crt1.o /usr/lib/gcc/x86_64-linux-gnu/5/../../../x86_64-linux-gnu/crti.o /usr/lib/gcc/x86_64-linux-gnu/5/crtbegin.o -L/usr/lib/gcc/x86_64-linux-gnu/5 -L/usr/lib/gcc/x86_64-linux-gnu/5/../../../x86_64-linux-gnu -L/usr/lib/gcc/x86_64-linux-gnu/5/../../../../lib -L/lib/x86_64-linux-gnu -L/lib/../lib -L/usr/lib/x86_64-linux-gnu -L/usr/lib/../lib -L/usr/lib/gcc/x86_64-linux-gnu/5/../../.. CMakeFiles/cmTC_94681.dir/CMakeCXXCompilerABI.cpp.o -lstdc++ -lm -lgcc_s -lgcc -lc -lgcc_s -lgcc /usr/lib/gcc/x86_64-linux-gnu/5/crtend.o /usr/lib/gcc/x86_64-linux-gnu/5/../../../x86_64-linux-gnu/crtn.o
make[1]: Leaving directory '/home/raul/Computer graphics/rhf_150115_cmake/demoCpp/CMakeFiles/CMakeTmp'


Parsed CXX implicit link information from above output:
  link line regex: [^( *|.*[/\])(ld|([^/\]+-)?ld|collect2)[^/\]*( |$)]
  ignore line: [Change Dir: /home/raul/Computer graphics/rhf_150115_cmake/demoCpp/CMakeFiles/CMakeTmp]
  ignore line: []
  ignore line: [Run Build Command:"/usr/bin/make" "cmTC_94681/fast"]
  ignore line: [/usr/bin/make -f CMakeFiles/cmTC_94681.dir/build.make CMakeFiles/cmTC_94681.dir/build]
  ignore line: [make[1]: Entering directory '/home/raul/Computer graphics/rhf_150115_cmake/demoCpp/CMakeFiles/CMakeTmp']
  ignore line: [Building CXX object CMakeFiles/cmTC_94681.dir/CMakeCXXCompilerABI.cpp.o]
  ignore line: [/usr/bin/c++      -o CMakeFiles/cmTC_94681.dir/CMakeCXXCompilerABI.cpp.o -c /usr/share/cmake-3.5/Modules/CMakeCXXCompilerABI.cpp]
  ignore line: [Linking CXX executable cmTC_94681]
  ignore line: [/usr/bin/cmake -E cmake_link_script CMakeFiles/cmTC_94681.dir/link.txt --verbose=1]
  ignore line: [/usr/bin/c++       -v CMakeFiles/cmTC_94681.dir/CMakeCXXCompilerABI.cpp.o  -o cmTC_94681 -rdynamic  ]
  ignore line: [Using built-in specs.]
  ignore line: [COLLECT_GCC=/usr/bin/c++]
  ignore line: [COLLECT_LTO_WRAPPER=/usr/lib/gcc/x86_64-linux-gnu/5/lto-wrapper]
  ignore line: [Target: x86_64-linux-gnu]
  ignore line: [Configured with: ../src/configure -v --with-pkgversion='Ubuntu 5.4.0-6ubuntu1~16.04.9' --with-bugurl=file:///usr/share/doc/gcc-5/README.Bugs --enable-languages=c,ada,c++,java,go,d,fortran,objc,obj-c++ --prefix=/usr --program-suffix=-5 --enable-shared --enable-linker-build-id --libexecdir=/usr/lib --without-included-gettext --enable-threads=posix --libdir=/usr/lib --enable-nls --with-sysroot=/ --enable-clocale=gnu --enable-libstdcxx-debug --enable-libstdcxx-time=yes --with-default-libstdcxx-abi=new --enable-gnu-unique-object --disable-vtable-verify --enable-libmpx --enable-plugin --with-system-zlib --disable-browser-plugin --enable-java-awt=gtk --enable-gtk-cairo --with-java-home=/usr/lib/jvm/java-1.5.0-gcj-5-amd64/jre --enable-java-home --with-jvm-root-dir=/usr/lib/jvm/java-1.5.0-gcj-5-amd64 --with-jvm-jar-dir=/usr/lib/jvm-exports/java-1.5.0-gcj-5-amd64 --with-arch-directory=amd64 --with-ecj-jar=/usr/share/java/eclipse-ecj.jar --enable-objc-gc --enable-multiarch --disable-werror --with-arch-32=i686 --with-abi=m64 --with-multilib-list=m32,m64,mx32 --enable-multilib --with-tune=generic --enable-checking=release --build=x86_64-linux-gnu --host=x86_64-linux-gnu --target=x86_64-linux-gnu]
  ignore line: [Thread model: posix]
  ignore line: [gcc version 5.4.0 20160609 (Ubuntu 5.4.0-6ubuntu1~16.04.9) ]
  ignore line: [COMPILER_PATH=/usr/lib/gcc/x86_64-linux-gnu/5/:/usr/lib/gcc/x86_64-linux-gnu/5/:/usr/lib/gcc/x86_64-linux-gnu/:/usr/lib/gcc/x86_64-linux-gnu/5/:/usr/lib/gcc/x86_64-linux-gnu/]
  ignore line: [LIBRARY_PATH=/usr/lib/gcc/x86_64-linux-gnu/5/:/usr/lib/gcc/x86_64-linux-gnu/5/../../../x86_64-linux-gnu/:/usr/lib/gcc/x86_64-linux-gnu/5/../../../../lib/:/lib/x86_64-linux-gnu/:/lib/../lib/:/usr/lib/x86_64-linux-gnu/:/usr/lib/../lib/:/usr/lib/gcc/x86_64-linux-gnu/5/../../../:/lib/:/usr/lib/]
  ignore line: [COLLECT_GCC_OPTIONS='-v' '-o' 'cmTC_94681' '-rdynamic' '-shared-libgcc' '-mtune=generic' '-march=x86-64']
  link line: [ /usr/lib/gcc/x86_64-linux-gnu/5/collect2 -plugin /usr/lib/gcc/x86_64-linux-gnu/5/liblto_plugin.so -plugin-opt=/usr/lib/gcc/x86_64-linux-gnu/5/lto-wrapper -plugin-opt=-fresolution=/tmp/ccRERMIZ.res -plugin-opt=-pass-through=-lgcc_s -plugin-opt=-pass-through=-lgcc -plugin-opt=-pass-through=-lc -plugin-opt=-pass-through=-lgcc_s -plugin-opt=-pass-through=-lgcc --sysroot=/ --build-id --eh-frame-hdr -m elf_x86_64 --hash-style=gnu --as-needed -export-dynamic -dynamic-linker /lib64/ld-linux-x86-64.so.2 -z relro -o cmTC_94681 /usr/lib/gcc/x86_64-linux-gnu/5/../../../x86_64-linux-gnu/crt1.o /usr/lib/gcc/x86_64-linux-gnu/5/../../../x86_64-linux-gnu/crti.o /usr/lib/gcc/x86_64-linux-gnu/5/crtbegin.o -L/usr/lib/gcc/x86_64-linux-gnu/5 -L/usr/lib/gcc/x86_64-linux-gnu/5/../../../x86_64-linux-gnu -L/usr/lib/gcc/x86_64-linux-gnu/5/../../../../lib -L/lib/x86_64-linux-gnu -L/lib/../lib -L/usr/lib/x86_64-linux-gnu -L/usr/lib/../lib -L/usr/lib/gcc/x86_64-linux-gnu/5/../../.. CMakeFiles/cmTC_94681.dir/CMakeCXXCompilerABI.cpp.o -lstdc++ -lm -lgcc_s -lgcc -lc -lgcc_s -lgcc /usr/lib/gcc/x86_64-linux-gnu/5/crtend.o /usr/lib/gcc/x86_64-linux-gnu/5/../../../x86_64-linux-gnu/crtn.o]
    arg [/usr/lib/gcc/x86_64-linux-gnu/5/collect2] ==> ignore
    arg [-plugin] ==> ignore
    arg [/usr/lib/gcc/x86_64-linux-gnu/5/liblto_plugin.so] ==> ignore
    arg [-plugin-opt=/usr/lib/gcc/x86_64-linux-gnu/5/lto-wrapper] ==> ignore
    arg [-plugin-opt=-fresolution=/tmp/ccRERMIZ.res] ==> ignore
    arg [-plugin-opt=-pass-through=-lgcc_s] ==> ignore
    arg [-plugin-opt=-pass-through=-lgcc] ==> ignore
    arg [-plugin-opt=-pass-through=-lc] ==> ignore
    arg [-plugin-opt=-pass-through=-lgcc_s] ==> ignore
    arg [-plugin-opt=-pass-through=-lgcc] ==> ignore
    arg [--sysroot=/] ==> ignore
    arg [--build-id] ==> ignore
    arg [--eh-frame-hdr] ==> ignore
    arg [-m] ==> ignore
    arg [elf_x86_64] ==> ignore
    arg [--hash-style=gnu] ==> ignore
    arg [--as-needed] ==> ignore
    arg [-export-dynamic] ==> ignore
    arg [-dynamic-linker] ==> ignore
    arg [/lib64/ld-linux-x86-64.so.2] ==> ignore
    arg [-zrelro] ==> ignore
    arg [-o] ==> ignore
    arg [cmTC_94681] ==> ignore
    arg [/usr/lib/gcc/x86_64-linux-gnu/5/../../../x86_64-linux-gnu/crt1.o] ==> ignore
    arg [/usr/lib/gcc/x86_64-linux-gnu/5/../../../x86_64-linux-gnu/crti.o] ==> ignore
    arg [/usr/lib/gcc/x86_64-linux-gnu/5/crtbegin.o] ==> ignore
    arg [-L/usr/lib/gcc/x86_64-linux-gnu/5] ==> dir [/usr/lib/gcc/x86_64-linux-gnu/5]
    arg [-L/usr/lib/gcc/x86_64-linux-gnu/5/../../../x86_64-linux-gnu] ==> dir [/usr/lib/gcc/x86_64-linux-gnu/5/../../../x86_64-linux-gnu]
    arg [-L/usr/lib/gcc/x86_64-linux-gnu/5/../../../../lib] ==> dir [/usr/lib/gcc/x86_64-linux-gnu/5/../../../../lib]
    arg [-L/lib/x86_64-linux-gnu] ==> dir [/lib/x86_64-linux-gnu]
    arg [-L/lib/../lib] ==> dir [/lib/../lib]
    arg [-L/usr/lib/x86_64-linux-gnu] ==> dir [/usr/lib/x86_64-linux-gnu]
    arg [-L/usr/lib/../lib] ==> dir [/usr/lib/../lib]
    arg [-L/usr/lib/gcc/x86_64-linux-gnu/5/../../..] ==> dir [/usr/lib/gcc/x86_64-linux-gnu/5/../../..]
    arg [CMakeFiles/cmTC_94681.dir/CMakeCXXCompilerABI.cpp.o] ==> ignore
    arg [-lstdc++] ==> lib [stdc++]
    arg [-lm] ==> lib [m]
    arg [-lgcc_s] ==> lib [gcc_s]
    arg [-lgcc] ==> lib [gcc]
    arg [-lc] ==> lib [c]
    arg [-lgcc_s] ==> lib [gcc_s]
    arg [-lgcc] ==> lib [gcc]
    arg [/usr/lib/gcc/x86_64-linux-gnu/5/crtend.o] ==> ignore
    arg [/usr/lib/gcc/x86_64-linux-gnu/5/../../../x86_64-linux-gnu/crtn.o] ==> ignore
  remove lib [gcc_s]
  remove lib [gcc]
  remove lib [gcc_s]
  remove lib [gcc]
  collapse library dir [/usr/lib/gcc/x86_64-linux-gnu/5] ==> [/usr/lib/gcc/x86_64-linux-gnu/5]
  collapse library dir [/usr/lib/gcc/x86_64-linux-gnu/5/../../../x86_64-linux-gnu] ==> [/usr/lib/x86_64-linux-gnu]
  collapse library dir [/usr/lib/gcc/x86_64-linux-gnu/5/../../../../lib] ==> [/usr/lib]
  collapse library dir [/lib/x86_64-linux-gnu] ==> [/lib/x86_64-linux-gnu]
  collapse library dir [/lib/../lib] ==> [/lib]
  collapse library dir [/usr/lib/x86_64-linux-gnu] ==> [/usr/lib/x86_64-linux-gnu]
  collapse library dir [/usr/lib/../lib] ==> [/usr/lib]
  collapse library dir [/usr/lib/gcc/x86_64-linux-gnu/5/../../..] ==> [/usr/lib]
  implicit libs: [stdc++;m;c]
  implicit dirs: [/usr/lib/gcc/x86_64-linux-gnu/5;/usr/lib/x86_64-linux-gnu;/usr/lib;/lib/x86_64-linux-gnu;/lib]
  implicit fwks: []




Detecting CXX [-std=c++14] compiler features compiled with the following output:
Change Dir: /home/raul/Computer graphics/rhf_150115_cmake/demoCpp/CMakeFiles/CMakeTmp

Run Build Command:"/usr/bin/make" "cmTC_0d7c6/fast"
/usr/bin/make -f CMakeFiles/cmTC_0d7c6.dir/build.make CMakeFiles/cmTC_0d7c6.dir/build
make[1]: Entering directory '/home/raul/Computer graphics/rhf_150115_cmake/demoCpp/CMakeFiles/CMakeTmp'
Building CXX object CMakeFiles/cmTC_0d7c6.dir/feature_tests.cxx.o
/usr/bin/c++     -std=c++14 -o CMakeFiles/cmTC_0d7c6.dir/feature_tests.cxx.o -c "/home/raul/Computer graphics/rhf_150115_cmake/demoCpp/CMakeFiles/feature_tests.cxx"
Linking CXX executable cmTC_0d7c6
/usr/bin/cmake -E cmake_link_script CMakeFiles/cmTC_0d7c6.dir/link.txt --verbose=1
/usr/bin/c++        CMakeFiles/cmTC_0d7c6.dir/feature_tests.cxx.o  -o cmTC_0d7c6 -rdynamic 
make[1]: Leaving directory '/home/raul/Computer graphics/rhf_150115_cmake/demoCpp/CMakeFiles/CMakeTmp'


    Feature record: CXX_FEATURE:1cxx_aggregate_default_initializers
    Feature record: CXX_FEATURE:1cxx_alias_templates
    Feature record: CXX_FEATURE:1cxx_alignas
    Feature record: CXX_FEATURE:1cxx_alignof
    Feature record: CXX_FEATURE:1cxx_attributes
    Feature record: CXX_FEATURE:1cxx_attribute_deprecated
    Feature record: CXX_FEATURE:1cxx_auto_type
    Feature record: CXX_FEATURE:1cxx_binary_literals
    Feature record: CXX_FEATURE:1cxx_constexpr
    Feature record: CXX_FEATURE:1cxx_contextual_conversions
    Feature record: CXX_FEATURE:1cxx_decltype
    Feature record: CXX_FEATURE:1cxx_decltype_auto
    Feature record: CXX_FEATURE:1cxx_decltype_incomplete_return_types
    Feature record: CXX_FEATURE:1cxx_default_function_template_args
    Feature record: CXX_FEATURE:1cxx_defaulted_functions
    Feature record: CXX_FEATURE:1cxx_defaulted_move_initializers
    Feature record: CXX_FEATURE:1cxx_delegating_constructors
    Feature record: CXX_FEATURE:1cxx_deleted_functions
    Feature record: CXX_FEATURE:1cxx_digit_separators
    Feature record: CXX_FEATURE:1cxx_enum_forward_declarations
    Feature record: CXX_FEATURE:1cxx_explicit_conversions
    Feature record: CXX_FEATURE:1cxx_extended_friend_declarations
    Feature record: CXX_FEATURE:1cxx_extern_templates
    Feature record: CXX_FEATURE:1cxx_final
    Feature record: CXX_FEATURE:1cxx_func_identifier
    Feature record: CXX_FEATURE:1cxx_generalized_initializers
    Feature record: CXX_FEATURE:1cxx_generic_lambdas
    Feature record: CXX_FEATURE:1cxx_inheriting_constructors
    Feature record: CXX_FEATURE:1cxx_inline_namespaces
    Feature record: CXX_FEATURE:1cxx_lambdas
    Feature record: CXX_FEATURE:1cxx_lambda_init_captures
    Feature record: CXX_FEATURE:1cxx_local_type_template_args
    Feature record: CXX_FEATURE:1cxx_long_long_type
    Feature record: CXX_FEATURE:1cxx_noexcept
    Feature record: CXX_FEATURE:1cxx_nonstatic_member_init
    Feature record: CXX_FEATURE:1cxx_nullptr
    Feature record: CXX_FEATURE:1cxx_override
    Feature record: CXX_FEATURE:1cxx_range_for
    Feature record: CXX_FEATURE:1cxx_raw_string_literals
    Feature record: CXX_FEATURE:1cxx_reference_qualified_functions
    Feature record: CXX_FEATURE:1cxx_relaxed_constexpr
    Feature record: CXX_FEATURE:1cxx_return_type_deduction
    Feature record: CXX_FEATURE:1cxx_right_angle_brackets
    Feature record: CXX_FEATURE:1cxx_rvalue_references
    Feature record: CXX_FEATURE:1cxx_sizeof_member
    Feature record: CXX_FEATURE:1cxx_static_assert
    Feature record: CXX_FEATURE:1cxx_strong_enums
    Feature record: CXX_FEATURE:1cxx_template_template_parameters
    Feature record: CXX_FEATURE:1cxx_thread_local
    Feature record: CXX_FEATURE:1cxx_trailing_return_types
    Feature record: CXX_FEATURE:1cxx_unicode_literals
    Feature record: CXX_FEATURE:1cxx_uniform_initialization
    Feature record: CXX_FEATURE:1cxx_unrestricted_unions
    Feature record: CXX_FEATURE:1cxx_user_literals
    Feature record: CXX_FEATURE:1cxx_variable_templates
    Feature record: CXX_FEATURE:1cxx_variadic_macros
    Feature record: CXX_FEATURE:1cxx_variadic_templates


Detecting CXX [-std=c++11] compiler features compiled with the following output:
Change Dir: /home/raul/Computer graphics/rhf_150115_cmake/demoCpp/CMakeFiles/CMakeTmp

Run Build Command:"/usr/bin/make" "cmTC_81331/fast"
/usr/bin/make -f CMakeFiles/cmTC_81331.dir/build.make CMakeFiles/cmTC_81331.dir/build
make[1]: Entering directory '/home/raul/Computer graphics/rhf_150115_cmake/demoCpp/CMakeFiles/CMakeTmp'
Building CXX object CMakeFiles/cmTC_81331.dir/feature_tests.cxx.o
/usr/bin/c++     -std=c++11 -o CMakeFiles/cmTC_81331.dir/feature_tests.cxx.o -c "/home/raul/Computer graphics/rhf_150115_cmake/demoCpp/CMakeFiles/feature_tests.cxx"
Linking CXX executable cmTC_81331
/usr/bin/cmake -E cmake_link_script CMakeFiles/cmTC_81331.dir/link.txt --verbose=1
/usr/bin/c++        CMakeFiles/cmTC_81331.dir/feature_tests.cxx.o  -o cmTC_81331 -rdynamic 
make[1]: Leaving directory '/home/raul/Computer graphics/rhf_150115_cmake/demoCpp/CMakeFiles/CMakeTmp'


    Feature record: CXX_FEATURE:0cxx_aggregate_default_initializers
    Feature record: CXX_FEATURE:1cxx_alias_templates
    Feature record: CXX_FEATURE:1cxx_alignas
    Feature record: CXX_FEATURE:1cxx_alignof
    Feature record: CXX_FEATURE:1cxx_attributes
    Feature record: CXX_FEATURE:0cxx_attribute_deprecated
    Feature record: CXX_FEATURE:1cxx_auto_type
    Feature record: CXX_FEATURE:0cxx_binary_literals
    Feature record: CXX_FEATURE:1cxx_constexpr
    Feature record: CXX_FEATURE:0cxx_contextual_conversions
    Feature record: CXX_FEATURE:1cxx_decltype
    Feature record: CXX_FEATURE:0cxx_decltype_auto
    Feature record: CXX_FEATURE:1cxx_decltype_incomplete_return_types
    Feature record: CXX_FEATURE:1cxx_default_function_template_args
    Feature record: CXX_FEATURE:1cxx_defaulted_functions
    Feature record: CXX_FEATURE:1cxx_defaulted_move_initializers
    Feature record: CXX_FEATURE:1cxx_delegating_constructors
    Feature record: CXX_FEATURE:1cxx_deleted_functions
    Feature record: CXX_FEATURE:0cxx_digit_separators
    Feature record: CXX_FEATURE:1cxx_enum_forward_declarations
    Feature record: CXX_FEATURE:1cxx_explicit_conversions
    Feature record: CXX_FEATURE:1cxx_extended_friend_declarations
    Feature record: CXX_FEATURE:1cxx_extern_templates
    Feature record: CXX_FEATURE:1cxx_final
    Feature record: CXX_FEATURE:1cxx_func_identifier
    Feature record: CXX_FEATURE:1cxx_generalized_initializers
    Feature record: CXX_FEATURE:0cxx_generic_lambdas
    Feature record: CXX_FEATURE:1cxx_inheriting_constructors
    Feature record: CXX_FEATURE:1cxx_inline_namespaces
    Feature record: CXX_FEATURE:1cxx_lambdas
    Feature record: CXX_FEATURE:0cxx_lambda_init_captures
    Feature record: CXX_FEATURE:1cxx_local_type_template_args
    Feature record: CXX_FEATURE:1cxx_long_long_type
    Feature record: CXX_FEATURE:1cxx_noexcept
    Feature record: CXX_FEATURE:1cxx_nonstatic_member_init
    Feature record: CXX_FEATURE:1cxx_nullptr
    Feature record: CXX_FEATURE:1cxx_override
    Feature record: CXX_FEATURE:1cxx_range_for
    Feature record: CXX_FEATURE:1cxx_raw_string_literals
    Feature record: CXX_FEATURE:1cxx_reference_qualified_functions
    Feature record: CXX_FEATURE:0cxx_relaxed_constexpr
    Feature record: CXX_FEATURE:0cxx_return_type_deduction
    Feature record: CXX_FEATURE:1cxx_right_angle_brackets
    Feature record: CXX_FEATURE:1cxx_rvalue_references
    Feature record: CXX_FEATURE:1cxx_sizeof_member
    Feature record: CXX_FEATURE:1cxx_static_assert
    Feature record: CXX_FEATURE:1cxx_strong_enums
    Feature record: CXX_FEATURE:1cxx_template_template_parameters
    Feature record: CXX_FEATURE:1cxx_thread_local
    Feature record: CXX_FEATURE:1cxx_trailing_return_types
    Feature record: CXX_FEATURE:1cxx_unicode_literals
    Feature record: CXX_FEATURE:1cxx_uniform_initialization
    Feature record: CXX_FEATURE:1cxx_unrestricted_unions
    Feature record: CXX_FEATURE:1cxx_user_literals
    Feature record: CXX_FEATURE:0cxx_variable_templates
    Feature record: CXX_FEATURE:1cxx_variadic_macros
    Feature record: CXX_FEATURE:1cxx_variadic_templates


Detecting CXX [-std=c++98] compiler features compiled with the following output:
Change Dir: /home/raul/Computer graphics/rhf_150115_cmake/demoCpp/CMakeFiles/CMakeTmp

Run Build Command:"/usr/bin/make" "cmTC_3cec1/fast"
/usr/bin/make -f CMakeFiles/cmTC_3cec1.dir/build.make CMakeFiles/cmTC_3cec1.dir/build
make[1]: Entering directory '/home/raul/Computer graphics/rhf_150115_cmake/demoCpp/CMakeFiles/CMakeTmp'
Building CXX object CMakeFiles/cmTC_3cec1.dir/feature_tests.cxx.o
/usr/bin/c++     -std=c++98 -o CMakeFiles/cmTC_3cec1.dir/feature_tests.cxx.o -c "/home/raul/Computer graphics/rhf_150115_cmake/demoCpp/CMakeFiles/feature_tests.cxx"
Linking CXX executable cmTC_3cec1
/usr/bin/cmake -E cmake_link_script CMakeFiles/cmTC_3cec1.dir/link.txt --verbose=1
/usr/bin/c++        CMakeFiles/cmTC_3cec1.dir/feature_tests.cxx.o  -o cmTC_3cec1 -rdynamic 
make[1]: Leaving directory '/home/raul/Computer graphics/rhf_150115_cmake/demoCpp/CMakeFiles/CMakeTmp'


    Feature record: CXX_FEATURE:0cxx_aggregate_default_initializers
    Feature record: CXX_FEATURE:0cxx_alias_templates
    Feature record: CXX_FEATURE:0cxx_alignas
    Feature record: CXX_FEATURE:0cxx_alignof
    Feature record: CXX_FEATURE:0cxx_attributes
    Feature record: CXX_FEATURE:0cxx_attribute_deprecated
    Feature record: CXX_FEATURE:0cxx_auto_type
    Feature record: CXX_FEATURE:0cxx_binary_literals
    Feature record: CXX_FEATURE:0cxx_constexpr
    Feature record: CXX_FEATURE:0cxx_contextual_conversions
    Feature record: CXX_FEATURE:0cxx_decltype
    Feature record: CXX_FEATURE:0cxx_decltype_auto
    Feature record: CXX_FEATURE:0cxx_decltype_incomplete_return_types
    Feature record: CXX_FEATURE:0cxx_default_function_template_args
    Feature record: CXX_FEATURE:0cxx_defaulted_functions
    Feature record: CXX_FEATURE:0cxx_defaulted_move_initializers
    Feature record: CXX_FEATURE:0cxx_delegating_constructors
    Feature record: CXX_FEATURE:0cxx_deleted_functions
    Feature record: CXX_FEATURE:0cxx_digit_separators
    Feature record: CXX_FEATURE:0cxx_enum_forward_declarations
    Feature record: CXX_FEATURE:0cxx_explicit_conversions
    Feature record: CXX_FEATURE:0cxx_extended_friend_declarations
    Feature record: CXX_FEATURE:0cxx_extern_templates
    Feature record: CXX_FEATURE:0cxx_final
    Feature record: CXX_FEATURE:0cxx_func_identifier
    Feature record: CXX_FEATURE:0cxx_generalized_initializers
    Feature record: CXX_FEATURE:0cxx_generic_lambdas
    Feature record: CXX_FEATURE:0cxx_inheriting_constructors
    Feature record: CXX_FEATURE:0cxx_inline_namespaces
    Feature record: CXX_FEATURE:0cxx_lambdas
    Feature record: CXX_FEATURE:0cxx_lambda_init_captures
    Feature record: CXX_FEATURE:0cxx_local_type_template_args
    Feature record: CXX_FEATURE:0cxx_long_long_type
    Feature record: CXX_FEATURE:0cxx_noexcept
    Feature record: CXX_FEATURE:0cxx_nonstatic_member_init
    Feature record: CXX_FEATURE:0cxx_nullptr
    Feature record: CXX_FEATURE:0cxx_override
    Feature record: CXX_FEATURE:0cxx_range_for
    Feature record: CXX_FEATURE:0cxx_raw_string_literals
    Feature record: CXX_FEATURE:0cxx_reference_qualified_functions
    Feature record: CXX_FEATURE:0cxx_relaxed_constexpr
    Feature record: CXX_FEATURE:0cxx_return_type_deduction
    Feature record: CXX_FEATURE:0cxx_right_angle_brackets
    Feature record: CXX_FEATURE:0cxx_rvalue_references
    Feature record: CXX_FEATURE:0cxx_sizeof_member
    Feature record: CXX_FEATURE:0cxx_static_assert
    Feature record: CXX_FEATURE:0cxx_strong_enums
    Feature record: CXX_FEATURE:1cxx_template_template_parameters
    Feature record: CXX_FEATURE:0cxx_thread_local
    Feature record: CXX_FEATURE:0cxx_trailing_return_types
    Feature record: CXX_FEATURE:0cxx_unicode_literals
    Feature record: CXX_FEATURE:0cxx_uniform_initialization
    Feature record: CXX_FEATURE:0cxx_unrestricted_unions
    Feature record: CXX_FEATURE:0cxx_user_literals
    Feature record: CXX_FEATURE:0cxx_variable_templates
    Feature record: CXX_FEATURE:0cxx_variadic_macros
    Feature record: CXX_FEATURE:0cxx_variadic_templates
Determining if the function XOpenDisplay exists in the /usr/lib/x86_64-linux-gnu/libX11.so;/usr/lib/x86_64-linux-gnu/libXext.so passed with the following output:
Change Dir: /home/raul/Computer graphics/rhf_150115_cmake/demoCpp/CMakeFiles/CMakeTmp

Run Build Command:"/usr/bin/make" "cmTC_15a8a/fast"
/usr/bin/make -f CMakeFiles/cmTC_15a8a.dir/build.make CMakeFiles/cmTC_15a8a.dir/build
make[1]: Entering directory '/home/raul/Computer graphics/rhf_150115_cmake/demoCpp/CMakeFiles/CMakeTmp'
Building C object CMakeFiles/cmTC_15a8a.dir/CheckFunctionExists.c.o
/usr/bin/cc    -DCHECK_FUNCTION_EXISTS=XOpenDisplay   -o CMakeFiles/cmTC_15a8a.dir/CheckFunctionExists.c.o   -c /usr/share/cmake-3.5/Modules/CheckFunctionExists.c
Linking C executable cmTC_15a8a
/usr/bin/cmake -E cmake_link_script CMakeFiles/cmTC_15a8a.dir/link.txt --verbose=1
/usr/bin/cc   -DCHECK_FUNCTION_EXISTS=XOpenDisplay    CMakeFiles/cmTC_15a8a.dir/CheckFunctionExists.c.o  -o cmTC_15a8a /usr/lib/x86_64-linux-gnu/libX11.so /usr/lib/x86_64-linux-gnu/libXext.so 
make[1]: Leaving directory '/home/raul/Computer graphics/rhf_150115_cmake/demoCpp/CMakeFiles/CMakeTmp'


Determining if the function gethostbyname exists passed with the following output:
Change Dir: /home/raul/Computer graphics/rhf_150115_cmake/demoCpp/CMakeFiles/CMakeTmp

Run Build Command:"/usr/bin/make" "cmTC_db3aa/fast"
/usr/bin/make -f CMakeFiles/cmTC_db3aa.dir/build.make CMakeFiles/cmTC_db3aa.dir/build
make[1]: Entering directory '/home/raul/Computer graphics/rhf_150115_cmake/demoCpp/CMakeFiles/CMakeTmp'
Building C object CMakeFiles/cmTC_db3aa.dir/CheckFunctionExists.c.o
/usr/bin/cc    -DCHECK_FUNCTION_EXISTS=gethostbyname   -o CMakeFiles/cmTC_db3aa.dir/CheckFunctionExists.c.o   -c /usr/share/cmake-3.5/Modules/CheckFunctionExists.c
Linking C executable cmTC_db3aa
/usr/bin/cmake -E cmake_link_script CMakeFiles/cmTC_db3aa.dir/link.txt --verbose=1
/usr/bin/cc   -DCHECK_FUNCTION_EXISTS=gethostbyname    CMakeFiles/cmTC_db3aa.dir/CheckFunctionExists.c.o  -o cmTC_db3aa 
make[1]: Leaving directory '/home/raul/Computer graphics/rhf_150115_cmake/demoCpp/CMakeFiles/CMakeTmp'


Determining if the function connect exists passed with the following output:
Change Dir: /home/raul/Computer graphics/rhf_150115_cmake/demoCpp/CMakeFiles/CMakeTmp

Run Build Command:"/usr/bin/make" "cmTC_03358/fast"
/usr/bin/make -f CMakeFiles/cmTC_03358.dir/build.make CMakeFiles/cmTC_03358.dir/build
make[1]: Entering directory '/home/raul/Computer graphics/rhf_150115_cmake/demoCpp/CMakeFiles/CMakeTmp'
Building C object CMakeFiles/cmTC_03358.dir/CheckFunctionExists.c.o
/usr/bin/cc    -DCHECK_FUNCTION_EXISTS=connect   -o CMakeFiles/cmTC_03358.dir/CheckFunctionExists.c.o   -c /usr/share/cmake-3.5/Modules/CheckFunctionExists.c
Linking C executable cmTC_03358
/usr/bin/cmake -E cmake_link_script CMakeFiles/cmTC_03358.dir/link.txt --verbose=1
/usr/bin/cc   -DCHECK_FUNCTION_EXISTS=connect    CMakeFiles/cmTC_03358.dir/CheckFunctionExists.c.o  -o cmTC_03358 
make[1]: Leaving directory '/home/raul/Computer graphics/rhf_150115_cmake/demoCpp/CMakeFiles/CMakeTmp'


Determining if the function remove exists passed with the following output:
Change Dir: /home/raul/Computer graphics/rhf_150115_cmake/demoCpp/CMakeFiles/CMakeTmp

Run Build Command:"/usr/bin/make" "cmTC_ab7dd/fast"
/usr/bin/make -f CMakeFiles/cmTC_ab7dd.dir/build.make CMakeFiles/cmTC_ab7dd.dir/build
make[1]: Entering directory '/home/raul/Computer graphics/rhf_150115_cmake/demoCpp/CMakeFiles/CMakeTmp'
Building C object CMakeFiles/cmTC_ab7dd.dir/CheckFunctionExists.c.o
/usr/bin/cc    -DCHECK_FUNCTION_EXISTS=remove   -o CMakeFiles/cmTC_ab7dd.dir/CheckFunctionExists.c.o   -c /usr/share/cmake-3.5/Modules/CheckFunctionExists.c
Linking C executable cmTC_ab7dd
/usr/bin/cmake -E cmake_link_script CMakeFiles/cmTC_ab7dd.dir/link.txt --verbose=1
/usr/bin/cc   -DCHECK_FUNCTION_EXISTS=remove    CMakeFiles/cmTC_ab7dd.dir/CheckFunctionExists.c.o  -o cmTC_ab7dd 
make[1]: Leaving directory '/home/raul/Computer graphics/rhf_150115_cmake/demoCpp/CMakeFiles/CMakeTmp'


Determining if the function shmat exists passed with the following output:
Change Dir: /home/raul/Computer graphics/rhf_150115_cmake/demoCpp/CMakeFiles/CMakeTmp

Run Build Command:"/usr/bin/make" "cmTC_52487/fast"
/usr/bin/make -f CMakeFiles/cmTC_52487.dir/build.make CMakeFiles/cmTC_52487.dir/build
make[1]: Entering directory '/home/raul/Computer graphics/rhf_150115_cmake/demoCpp/CMakeFiles/CMakeTmp'
Building C object CMakeFiles/cmTC_52487.dir/CheckFunctionExists.c.o
/usr/bin/cc    -DCHECK_FUNCTION_EXISTS=shmat   -o CMakeFiles/cmTC_52487.dir/CheckFunctionExists.c.o   -c /usr/share/cmake-3.5/Modules/CheckFunctionExists.c
Linking C executable cmTC_52487
/usr/bin/cmake -E cmake_link_script CMakeFiles/cmTC_52487.dir/link.txt --verbose=1
/usr/bin/cc   -DCHECK_FUNCTION_EXISTS=shmat    CMakeFiles/cmTC_52487.dir/CheckFunctionExists.c.o  -o cmTC_52487 
make[1]: Leaving directory '/home/raul/Computer graphics/rhf_150115_cmake/demoCpp/CMakeFiles/CMakeTmp'


Determining if the function IceConnectionNumber exists in the ICE passed with the following output:
Change Dir: /home/raul/Computer graphics/rhf_150115_cmake/demoCpp/CMakeFiles/CMakeTmp

Run Build Command:"/usr/bin/make" "cmTC_0819f/fast"
/usr/bin/make -f CMakeFiles/cmTC_0819f.dir/build.make CMakeFiles/cmTC_0819f.dir/build
make[1]: Entering directory '/home/raul/Computer graphics/rhf_150115_cmake/demoCpp/CMakeFiles/CMakeTmp'
Building C object CMakeFiles/cmTC_0819f.dir/CheckFunctionExists.c.o
/usr/bin/cc    -DCHECK_FUNCTION_EXISTS=IceConnectionNumber   -o CMakeFiles/cmTC_0819f.dir/CheckFunctionExists.c.o   -c /usr/share/cmake-3.5/Modules/CheckFunctionExists.c
Linking C executable cmTC_0819f
/usr/bin/cmake -E cmake_link_script CMakeFiles/cmTC_0819f.dir/link.txt --verbose=1
/usr/bin/cc   -DCHECK_FUNCTION_EXISTS=IceConnectionNumber    CMakeFiles/cmTC_0819f.dir/CheckFunctionExists.c.o  -o cmTC_0819f -lICE 
make[1]: Leaving directory '/home/raul/Computer graphics/rhf_150115_cmake/demoCpp/CMakeFiles/CMakeTmp'


Determining if the include file pthread.h exists passed with the following output:
Change Dir: /home/raul/Computer graphics/rhf_150115_cmake/demoCpp/CMakeFiles/CMakeTmp

Run Build Command:"/usr/bin/make" "cmTC_b8e2f/fast"
/usr/bin/make -f CMakeFiles/cmTC_b8e2f.dir/build.make CMakeFiles/cmTC_b8e2f.dir/build
make[1]: Entering directory '/home/raul/Computer graphics/rhf_150115_cmake/demoCpp/CMakeFiles/CMakeTmp'
Building C object CMakeFiles/cmTC_b8e2f.dir/CheckIncludeFile.c.o
/usr/bin/cc     -o CMakeFiles/cmTC_b8e2f.dir/CheckIncludeFile.c.o   -c "/home/raul/Computer graphics/rhf_150115_cmake/demoCpp/CMakeFiles/CMakeTmp/CheckIncludeFile.c"
Linking C executable cmTC_b8e2f
/usr/bin/cmake -E cmake_link_script CMakeFiles/cmTC_b8e2f.dir/link.txt --verbose=1
/usr/bin/cc       CMakeFiles/cmTC_b8e2f.dir/CheckIncludeFile.c.o  -o cmTC_b8e2f 
make[1]: Leaving directory '/home/raul/Computer graphics/rhf_150115_cmake/demoCpp/CMakeFiles/CMakeTmp'


Determining if the function pthread_create exists in the pthread passed with the following output:
Change Dir: /home/raul/Computer graphics/rhf_150115_cmake/demoCpp/CMakeFiles/CMakeTmp

Run Build Command:"/usr/bin/make" "cmTC_67dd6/fast"
/usr/bin/make -f CMakeFiles/cmTC_67dd6.dir/build.make CMakeFiles/cmTC_67dd6.dir/build
make[1]: Entering directory '/home/raul/Computer graphics/rhf_150115_cmake/demoCpp/CMakeFiles/CMakeTmp'
Building C object CMakeFiles/cmTC_67dd6.dir/CheckFunctionExists.c.o
/usr/bin/cc    -DCHECK_FUNCTION_EXISTS=pthread_create   -o CMakeFiles/cmTC_67dd6.dir/CheckFunctionExists.c.o   -c /usr/share/cmake-3.5/Modules/CheckFunctionExists.c
Linking C executable cmTC_67dd6
/usr/bin/cmake -E cmake_link_script CMakeFiles/cmTC_67dd6.dir/link.txt --verbose=1
/usr/bin/cc   -DCHECK_FUNCTION_EXISTS=pthread_create    CMakeFiles/cmTC_67dd6.dir/CheckFunctionExists.c.o  -o cmTC_67dd6 -lpthread 
make[1]: Leaving directory '/home/raul/Computer graphics/rhf_150115_cmake/demoCpp/CMakeFiles/CMakeTmp'


Determining if the function XOpenDisplay exists in the /usr/lib/x86_64-linux-gnu/libX11.so;/usr/lib/x86_64-linux-gnu/libXext.so passed with the following output:
Change Dir: /home/raul/Computer graphics/rhf_150115_cmake/demoCpp/CMakeFiles/CMakeTmp

Run Build Command:"/usr/bin/make" "cmTC_caaab/fast"
/usr/bin/make -f CMakeFiles/cmTC_caaab.dir/build.make CMakeFiles/cmTC_caaab.dir/build
make[1]: Entering directory '/home/raul/Computer graphics/rhf_150115_cmake/demoCpp/CMakeFiles/CMakeTmp'
Building C object CMakeFiles/cmTC_caaab.dir/CheckFunctionExists.c.o
/usr/bin/cc    -DCHECK_FUNCTION_EXISTS=XOpenDisplay   -o CMakeFiles/cmTC_caaab.dir/CheckFunctionExists.c.o   -c /usr/share/cmake-3.5/Modules/CheckFunctionExists.c
Linking C executable cmTC_caaab
/usr/bin/cmake -E cmake_link_script CMakeFiles/cmTC_caaab.dir/link.txt --verbose=1
/usr/bin/cc   -DCHECK_FUNCTION_EXISTS=XOpenDisplay    CMakeFiles/cmTC_caaab.dir/CheckFunctionExists.c.o  -o cmTC_caaab /usr/lib/x86_64-linux-gnu/libX11.so /usr/lib/x86_64-linux-gnu/libXext.so 
make[1]: Leaving directory '/home/raul/Computer graphics/rhf_150115_cmake/demoCpp/CMakeFiles/CMakeTmp'


Determining if the function gethostbyname exists passed with the following output:
Change Dir: /home/raul/Computer graphics/rhf_150115_cmake/demoCpp/CMakeFiles/CMakeTmp

Run Build Command:"/usr/bin/make" "cmTC_b2850/fast"
/usr/bin/make -f CMakeFiles/cmTC_b2850.dir/build.make CMakeFiles/cmTC_b2850.dir/build
make[1]: Entering directory '/home/raul/Computer graphics/rhf_150115_cmake/demoCpp/CMakeFiles/CMakeTmp'
Building C object CMakeFiles/cmTC_b2850.dir/CheckFunctionExists.c.o
/usr/bin/cc    -DCHECK_FUNCTION_EXISTS=gethostbyname   -o CMakeFiles/cmTC_b2850.dir/CheckFunctionExists.c.o   -c /usr/share/cmake-3.5/Modules/CheckFunctionExists.c
Linking C executable cmTC_b2850
/usr/bin/cmake -E cmake_link_script CMakeFiles/cmTC_b2850.dir/link.txt --verbose=1
/usr/bin/cc   -DCHECK_FUNCTION_EXISTS=gethostbyname    CMakeFiles/cmTC_b2850.dir/CheckFunctionExists.c.o  -o cmTC_b2850 
make[1]: Leaving directory '/home/raul/Computer graphics/rhf_150115_cmake/demoCpp/CMakeFiles/CMakeTmp'


Determining if the function connect exists passed with the following output:
Change Dir: /home/raul/Computer graphics/rhf_150115_cmake/demoCpp/CMakeFiles/CMakeTmp

Run Build Command:"/usr/bin/make" "cmTC_feca7/fast"
/usr/bin/make -f CMakeFiles/cmTC_feca7.dir/build.make CMakeFiles/cmTC_feca7.dir/build
make[1]: Entering directory '/home/raul/Computer graphics/rhf_150115_cmake/demoCpp/CMakeFiles/CMakeTmp'
Building C object CMakeFiles/cmTC_feca7.dir/CheckFunctionExists.c.o
/usr/bin/cc    -DCHECK_FUNCTION_EXISTS=connect   -o CMakeFiles/cmTC_feca7.dir/CheckFunctionExists.c.o   -c /usr/share/cmake-3.5/Modules/CheckFunctionExists.c
Linking C executable cmTC_feca7
/usr/bin/cmake -E cmake_link_script CMakeFiles/cmTC_feca7.dir/link.txt --verbose=1
/usr/bin/cc   -DCHECK_FUNCTION_EXISTS=connect    CMakeFiles/cmTC_feca7.dir/CheckFunctionExists.c.o  -o cmTC_feca7 
make[1]: Leaving directory '/home/raul/Computer graphics/rhf_150115_cmake/demoCpp/CMakeFiles/CMakeTmp'


Determining if the function remove exists passed with the following output:
Change Dir: /home/raul/Computer graphics/rhf_150115_cmake/demoCpp/CMakeFiles/CMakeTmp

Run Build Command:"/usr/bin/make" "cmTC_6cbaa/fast"
/usr/bin/make -f CMakeFiles/cmTC_6cbaa.dir/build.make CMakeFiles/cmTC_6cbaa.dir/build
make[1]: Entering directory '/home/raul/Computer graphics/rhf_150115_cmake/demoCpp/CMakeFiles/CMakeTmp'
Building C object CMakeFiles/cmTC_6cbaa.dir/CheckFunctionExists.c.o
/usr/bin/cc    -DCHECK_FUNCTION_EXISTS=remove   -o CMakeFiles/cmTC_6cbaa.dir/CheckFunctionExists.c.o   -c /usr/share/cmake-3.5/Modules/CheckFunctionExists.c
Linking C executable cmTC_6cbaa
/usr/bin/cmake -E cmake_link_script CMakeFiles/cmTC_6cbaa.dir/link.txt --verbose=1
/usr/bin/cc   -DCHECK_FUNCTION_EXISTS=remove    CMakeFiles/cmTC_6cbaa.dir/CheckFunctionExists.c.o  -o cmTC_6cbaa 
make[1]: Leaving directory '/home/raul/Computer graphics/rhf_150115_cmake/demoCpp/CMakeFiles/CMakeTmp'


Determining if the function shmat exists passed with the following output:
Change Dir: /home/raul/Computer graphics/rhf_150115_cmake/demoCpp/CMakeFiles/CMakeTmp

Run Build Command:"/usr/bin/make" "cmTC_cc485/fast"
/usr/bin/make -f CMakeFiles/cmTC_cc485.dir/build.make CMakeFiles/cmTC_cc485.dir/build
make[1]: Entering directory '/home/raul/Computer graphics/rhf_150115_cmake/demoCpp/CMakeFiles/CMakeTmp'
Building C object CMakeFiles/cmTC_cc485.dir/CheckFunctionExists.c.o
/usr/bin/cc    -DCHECK_FUNCTION_EXISTS=shmat   -o CMakeFiles/cmTC_cc485.dir/CheckFunctionExists.c.o   -c /usr/share/cmake-3.5/Modules/CheckFunctionExists.c
Linking C executable cmTC_cc485
/usr/bin/cmake -E cmake_link_script CMakeFiles/cmTC_cc485.dir/link.txt --verbose=1
/usr/bin/cc   -DCHECK_FUNCTION_EXISTS=shmat    CMakeFiles/cmTC_cc485.dir/CheckFunctionExists.c.o  -o cmTC_cc485 
make[1]: Leaving directory '/home/raul/Computer graphics/rhf_150115_cmake/demoCpp/CMakeFiles/CMakeTmp'


Determining if the function IceConnectionNumber exists in the ICE passed with the following output:
Change Dir: /home/raul/Computer graphics/rhf_150115_cmake/demoCpp/CMakeFiles/CMakeTmp

Run Build Command:"/usr/bin/make" "cmTC_a3637/fast"
/usr/bin/make -f CMakeFiles/cmTC_a3637.dir/build.make CMakeFiles/cmTC_a3637.dir/build
make[1]: Entering directory '/home/raul/Computer graphics/rhf_150115_cmake/demoCpp/CMakeFiles/CMakeTmp'
Building C object CMakeFiles/cmTC_a3637.dir/CheckFunctionExists.c.o
/usr/bin/cc    -DCHECK_FUNCTION_EXISTS=IceConnectionNumber   -o CMakeFiles/cmTC_a3637.dir/CheckFunctionExists.c.o   -c /usr/share/cmake-3.5/Modules/CheckFunctionExists.c
Linking C executable cmTC_a3637
/usr/bin/cmake -E cmake_link_script CMakeFiles/cmTC_a3637.dir/link.txt --verbose=1
/usr/bin/cc   -DCHECK_FUNCTION_EXISTS=IceConnectionNumber    CMakeFiles/cmTC_a3637.dir/CheckFunctionExists.c.o  -o cmTC_a3637 -lICE 
make[1]: Leaving directory '/home/raul/Computer graphics/rhf_150115_cmake/demoCpp/CMakeFiles/CMakeTmp'


Determining if the include file pthread.h exists passed with the following output:
Change Dir: /home/raul/Computer graphics/rhf_150115_cmake/demoCpp/CMakeFiles/CMakeTmp

Run Build Command:"/usr/bin/make" "cmTC_b80ba/fast"
/usr/bin/make -f CMakeFiles/cmTC_b80ba.dir/build.make CMakeFiles/cmTC_b80ba.dir/build
make[1]: Entering directory '/home/raul/Computer graphics/rhf_150115_cmake/demoCpp/CMakeFiles/CMakeTmp'
Building C object CMakeFiles/cmTC_b80ba.dir/CheckIncludeFile.c.o
/usr/bin/cc     -o CMakeFiles/cmTC_b80ba.dir/CheckIncludeFile.c.o   -c "/home/raul/Computer graphics/rhf_150115_cmake/demoCpp/CMakeFiles/CMakeTmp/CheckIncludeFile.c"
Linking C executable cmTC_b80ba
/usr/bin/cmake -E cmake_link_script CMakeFiles/cmTC_b80ba.dir/link.txt --verbose=1
/usr/bin/cc       CMakeFiles/cmTC_b80ba.dir/CheckIncludeFile.c.o  -o cmTC_b80ba 
make[1]: Leaving directory '/home/raul/Computer graphics/rhf_150115_cmake/demoCpp/CMakeFiles/CMakeTmp'


Determining if the function pthread_create exists in the pthread passed with the following output:
Change Dir: /home/raul/Computer graphics/rhf_150115_cmake/demoCpp/CMakeFiles/CMakeTmp

Run Build Command:"/usr/bin/make" "cmTC_b7c82/fast"
/usr/bin/make -f CMakeFiles/cmTC_b7c82.dir/build.make CMakeFiles/cmTC_b7c82.dir/build
make[1]: Entering directory '/home/raul/Computer graphics/rhf_150115_cmake/demoCpp/CMakeFiles/CMakeTmp'
Building C object CMakeFiles/cmTC_b7c82.dir/CheckFunctionExists.c.o
/usr/bin/cc    -DCHECK_FUNCTION_EXISTS=pthread_create   -o CMakeFiles/cmTC_b7c82.dir/CheckFunctionExists.c.o   -c /usr/share/cmake-3.5/Modules/CheckFunctionExists.c
Linking C executable cmTC_b7c82
/usr/bin/cmake -E cmake_link_script CMakeFiles/cmTC_b7c82.dir/link.txt --verbose=1
/usr/bin/cc   -DCHECK_FUNCTION_EXISTS=pthread_create    CMakeFiles/cmTC_b7c82.dir/CheckFunctionExists.c.o  -o cmTC_b7c82 -lpthread 
make[1]: Leaving directory '/home/raul/Computer graphics/rhf_150115_cmake/demoCpp/CMakeFiles/CMakeTmp'


