Determining if the pthread_create exist failed with the following output:
Change Dir: /home/raul/Computer graphics/rhf_150115_cmake/demoCpp/CMakeFiles/CMakeTmp

Run Build Command:"/usr/bin/make" "cmTC_afe3b/fast"
/usr/bin/make -f CMakeFiles/cmTC_afe3b.dir/build.make CMakeFiles/cmTC_afe3b.dir/build
make[1]: Entering directory '/home/raul/Computer graphics/rhf_150115_cmake/demoCpp/CMakeFiles/CMakeTmp'
Building C object CMakeFiles/cmTC_afe3b.dir/CheckSymbolExists.c.o
/usr/bin/cc     -o CMakeFiles/cmTC_afe3b.dir/CheckSymbolExists.c.o   -c "/home/raul/Computer graphics/rhf_150115_cmake/demoCpp/CMakeFiles/CMakeTmp/CheckSymbolExists.c"
Linking C executable cmTC_afe3b
/usr/bin/cmake -E cmake_link_script CMakeFiles/cmTC_afe3b.dir/link.txt --verbose=1
/usr/bin/cc       CMakeFiles/cmTC_afe3b.dir/CheckSymbolExists.c.o  -o cmTC_afe3b 
CMakeFiles/cmTC_afe3b.dir/CheckSymbolExists.c.o: In function `main':
CheckSymbolExists.c:(.text+0x16): undefined reference to `pthread_create'
collect2: error: ld returned 1 exit status
CMakeFiles/cmTC_afe3b.dir/build.make:97: recipe for target 'cmTC_afe3b' failed
make[1]: *** [cmTC_afe3b] Error 1
make[1]: Leaving directory '/home/raul/Computer graphics/rhf_150115_cmake/demoCpp/CMakeFiles/CMakeTmp'
Makefile:126: recipe for target 'cmTC_afe3b/fast' failed
make: *** [cmTC_afe3b/fast] Error 2

File /home/raul/Computer graphics/rhf_150115_cmake/demoCpp/CMakeFiles/CMakeTmp/CheckSymbolExists.c:
/* */
#include <pthread.h>

int main(int argc, char** argv)
{
  (void)argv;
#ifndef pthread_create
  return ((int*)(&pthread_create))[argc];
#else
  (void)argc;
  return 0;
#endif
}

Determining if the function pthread_create exists in the pthreads failed with the following output:
Change Dir: /home/raul/Computer graphics/rhf_150115_cmake/demoCpp/CMakeFiles/CMakeTmp

Run Build Command:"/usr/bin/make" "cmTC_98180/fast"
/usr/bin/make -f CMakeFiles/cmTC_98180.dir/build.make CMakeFiles/cmTC_98180.dir/build
make[1]: Entering directory '/home/raul/Computer graphics/rhf_150115_cmake/demoCpp/CMakeFiles/CMakeTmp'
Building C object CMakeFiles/cmTC_98180.dir/CheckFunctionExists.c.o
/usr/bin/cc    -DCHECK_FUNCTION_EXISTS=pthread_create   -o CMakeFiles/cmTC_98180.dir/CheckFunctionExists.c.o   -c /usr/share/cmake-3.5/Modules/CheckFunctionExists.c
Linking C executable cmTC_98180
/usr/bin/cmake -E cmake_link_script CMakeFiles/cmTC_98180.dir/link.txt --verbose=1
/usr/bin/cc   -DCHECK_FUNCTION_EXISTS=pthread_create    CMakeFiles/cmTC_98180.dir/CheckFunctionExists.c.o  -o cmTC_98180 -lpthreads 
/usr/bin/ld: cannot find -lpthreads
collect2: error: ld returned 1 exit status
CMakeFiles/cmTC_98180.dir/build.make:97: recipe for target 'cmTC_98180' failed
make[1]: *** [cmTC_98180] Error 1
make[1]: Leaving directory '/home/raul/Computer graphics/rhf_150115_cmake/demoCpp/CMakeFiles/CMakeTmp'
Makefile:126: recipe for target 'cmTC_98180/fast' failed
make: *** [cmTC_98180/fast] Error 2


Determining if the pthread_create exist failed with the following output:
Change Dir: /home/raul/Computer graphics/rhf_150115_cmake/demoCpp/CMakeFiles/CMakeTmp

Run Build Command:"/usr/bin/make" "cmTC_4d124/fast"
/usr/bin/make -f CMakeFiles/cmTC_4d124.dir/build.make CMakeFiles/cmTC_4d124.dir/build
make[1]: Entering directory '/home/raul/Computer graphics/rhf_150115_cmake/demoCpp/CMakeFiles/CMakeTmp'
Building C object CMakeFiles/cmTC_4d124.dir/CheckSymbolExists.c.o
/usr/bin/cc     -o CMakeFiles/cmTC_4d124.dir/CheckSymbolExists.c.o   -c "/home/raul/Computer graphics/rhf_150115_cmake/demoCpp/CMakeFiles/CMakeTmp/CheckSymbolExists.c"
Linking C executable cmTC_4d124
/usr/bin/cmake -E cmake_link_script CMakeFiles/cmTC_4d124.dir/link.txt --verbose=1
/usr/bin/cc       CMakeFiles/cmTC_4d124.dir/CheckSymbolExists.c.o  -o cmTC_4d124 
CMakeFiles/cmTC_4d124.dir/CheckSymbolExists.c.o: In function `main':
CheckSymbolExists.c:(.text+0x16): undefined reference to `pthread_create'
collect2: error: ld returned 1 exit status
CMakeFiles/cmTC_4d124.dir/build.make:97: recipe for target 'cmTC_4d124' failed
make[1]: *** [cmTC_4d124] Error 1
make[1]: Leaving directory '/home/raul/Computer graphics/rhf_150115_cmake/demoCpp/CMakeFiles/CMakeTmp'
Makefile:126: recipe for target 'cmTC_4d124/fast' failed
make: *** [cmTC_4d124/fast] Error 2

File /home/raul/Computer graphics/rhf_150115_cmake/demoCpp/CMakeFiles/CMakeTmp/CheckSymbolExists.c:
/* */
#include <pthread.h>

int main(int argc, char** argv)
{
  (void)argv;
#ifndef pthread_create
  return ((int*)(&pthread_create))[argc];
#else
  (void)argc;
  return 0;
#endif
}

Determining if the function pthread_create exists in the pthreads failed with the following output:
Change Dir: /home/raul/Computer graphics/rhf_150115_cmake/demoCpp/CMakeFiles/CMakeTmp

Run Build Command:"/usr/bin/make" "cmTC_763a3/fast"
/usr/bin/make -f CMakeFiles/cmTC_763a3.dir/build.make CMakeFiles/cmTC_763a3.dir/build
make[1]: Entering directory '/home/raul/Computer graphics/rhf_150115_cmake/demoCpp/CMakeFiles/CMakeTmp'
Building C object CMakeFiles/cmTC_763a3.dir/CheckFunctionExists.c.o
/usr/bin/cc    -DCHECK_FUNCTION_EXISTS=pthread_create   -o CMakeFiles/cmTC_763a3.dir/CheckFunctionExists.c.o   -c /usr/share/cmake-3.5/Modules/CheckFunctionExists.c
Linking C executable cmTC_763a3
/usr/bin/cmake -E cmake_link_script CMakeFiles/cmTC_763a3.dir/link.txt --verbose=1
/usr/bin/cc   -DCHECK_FUNCTION_EXISTS=pthread_create    CMakeFiles/cmTC_763a3.dir/CheckFunctionExists.c.o  -o cmTC_763a3 -lpthreads 
/usr/bin/ld: cannot find -lpthreads
collect2: error: ld returned 1 exit status
CMakeFiles/cmTC_763a3.dir/build.make:97: recipe for target 'cmTC_763a3' failed
make[1]: *** [cmTC_763a3] Error 1
make[1]: Leaving directory '/home/raul/Computer graphics/rhf_150115_cmake/demoCpp/CMakeFiles/CMakeTmp'
Makefile:126: recipe for target 'cmTC_763a3/fast' failed
make: *** [cmTC_763a3/fast] Error 2


